[W 2023-12-26 04:55:41.640 ServerApp] A `_jupyter_server_extension_points` function was not found in jupyter_lsp. Instead, a `_jupyter_server_extension_paths` function was found and will be used for now. This function name will be deprecated in future releases of Jupyter Server.
[W 2023-12-26 04:55:41.643 ServerApp] A `_jupyter_server_extension_points` function was not found in notebook_shim. Instead, a `_jupyter_server_extension_paths` function was found and will be used for now. This function name will be deprecated in future releases of Jupyter Server.
[I 2023-12-26 04:55:41.644 ServerApp] jupyter_lsp | extension was successfully linked.
[I 2023-12-26 04:55:41.647 ServerApp] jupyter_server_terminals | extension was successfully linked.
[I 2023-12-26 04:55:41.650 ServerApp] jupyterlab | extension was successfully linked.
[I 2023-12-26 04:55:41.789 ServerApp] notebook_shim | extension was successfully linked.
[I 2023-12-26 04:55:41.799 ServerApp] notebook_shim | extension was successfully loaded.
[I 2023-12-26 04:55:41.800 ServerApp] jupyter_lsp | extension was successfully loaded.
[I 2023-12-26 04:55:41.801 ServerApp] jupyter_server_terminals | extension was successfully loaded.
[I 2023-12-26 04:55:41.802 LabApp] JupyterLab extension loaded from /home/yuming/venv/lib/python3.10/site-packages/jupyterlab
[I 2023-12-26 04:55:41.802 LabApp] JupyterLab application directory is /home/yuming/venv/share/jupyter/lab
[I 2023-12-26 04:55:41.802 LabApp] Extension Manager is 'pypi'.
[I 2023-12-26 04:55:41.804 ServerApp] jupyterlab | extension was successfully loaded.
[I 2023-12-26 04:55:41.804 ServerApp] Serving notebooks from local directory: /home/yuming/jupyter
[I 2023-12-26 04:55:41.804 ServerApp] Jupyter Server 2.12.1 is running at:
[I 2023-12-26 04:55:41.804 ServerApp] http://localhost:8888/lab?token=6ff5c0ba129210dbfdcf70c3107e14dbbd83be37faaee1bf
[I 2023-12-26 04:55:41.804 ServerApp]     http://127.0.0.1:8888/lab?token=6ff5c0ba129210dbfdcf70c3107e14dbbd83be37faaee1bf
[I 2023-12-26 04:55:41.804 ServerApp] Use Control-C to stop this server and shut down all kernels (twice to skip confirmation).
[C 2023-12-26 04:55:41.816 ServerApp] 
    
    To access the server, open this file in a browser:
        file:///home/yuming/.local/share/jupyter/runtime/jpserver-14038-open.html
    Or copy and paste one of these URLs:
        http://localhost:8888/lab?token=6ff5c0ba129210dbfdcf70c3107e14dbbd83be37faaee1bf
        http://127.0.0.1:8888/lab?token=6ff5c0ba129210dbfdcf70c3107e14dbbd83be37faaee1bf
[I 2023-12-26 04:55:41.827 ServerApp] Skipped non-installed server(s): bash-language-server, dockerfile-language-server-nodejs, javascript-typescript-langserver, jedi-language-server, julia-language-server, pyright, python-language-server, python-lsp-server, r-languageserver, sql-language-server, texlab, typescript-language-server, unified-language-server, vscode-css-languageserver-bin, vscode-html-languageserver-bin, vscode-json-languageserver-bin, yaml-language-server
[W 2023-12-26 04:55:44.438 LabApp] Could not determine jupyterlab build status without nodejs
